111<?xml version="1.0" encoding="UTF-8"?>
<robot generator="Robot 6.0 (Python 3.10.2 on win32)" generated="20230127 14:46:12.610" rpa="false" schemaversion="3">
<suite id="s1" name="Invalid Login Test &amp; Valid Login Test &amp; Add Employee Test">
<suite id="s1-s1" name="Invalid Login Test" source="C:\Mine\Company\LT7\orange_automation\1__login_suite\01__invalid_login_test.robot">
<test id="s1-s1-t1" name="Invalid Login Test" line="15">
<kw name="Launch Browser And Navigate To Url" library="common_functionalities" type="SETUP">
<kw name="Open Browser" library="SeleniumLibrary">
<arg>browser=${BROWSER_NAME}</arg>
<doc>Opens a new browser instance to the optional ``url``.</doc>
<msg timestamp="20230127 14:46:15.313" level="INFO">Opening browser 'chrome' to base url 'None'.</msg>
<status status="PASS" starttime="20230127 14:46:15.313" endtime="20230127 14:46:24.798"/>
</kw>
<kw name="Maximize Browser Window" library="SeleniumLibrary">
<doc>Maximizes current browser window.</doc>
<status status="PASS" starttime="20230127 14:46:24.798" endtime="20230127 14:46:24.928"/>
</kw>
<kw name="Set Selenium Implicit Wait" library="SeleniumLibrary">
<arg>20s</arg>
<doc>Sets the implicit wait value used by Selenium.</doc>
<status status="PASS" starttime="20230127 14:46:24.928" endtime="20230127 14:46:24.929"/>
</kw>
<kw name="Go To" library="SeleniumLibrary">
<arg>url=${URL}</arg>
<doc>Navigates the current browser window to the provided ``url``.</doc>
<msg timestamp="20230127 14:46:24.930" level="INFO">Opening url 'https://opensource-demo.orangehrmlive.com/'</msg>
<status status="PASS" starttime="20230127 14:46:24.929" endtime="20230127 14:46:28.141"/>
</kw>
<status status="PASS" starttime="20230127 14:46:15.313" endtime="20230127 14:46:28.142"/>
</kw>
<kw name="Invalid Login Template">
<arg>kim</arg>
<arg>kim123</arg>
<arg>Invalid credentials</arg>
<kw name="Input Text" library="SeleniumLibrary">
<arg>name=username</arg>
<arg>${username}</arg>
<doc>Types the given ``text`` into the text field identified by ``locator``.</doc>
<msg timestamp="20230127 14:46:28.143" level="INFO">Typing text 'kim' into text field 'name=username'.</msg>
<status status="PASS" starttime="20230127 14:46:28.143" endtime="20230127 14:46:28.663"/>
</kw>
<kw name="Input Password" library="SeleniumLibrary">
<arg>name=password</arg>
<arg>${password}</arg>
<doc>Types the given password into the text field identified by ``locator``.</doc>
<msg timestamp="20230127 14:46:28.663" level="INFO">Typing password into text field 'name=password'.</msg>
<msg timestamp="20230127 14:46:28.710" level="INFO">Temporally setting log level to: NONE</msg>
<msg timestamp="20230127 14:46:28.773" level="INFO">Log level changed from NONE to INFO.</msg>
<status status="PASS" starttime="20230127 14:46:28.663" endtime="20230127 14:46:28.773"/>
</kw>
<kw name="Click Element" library="SeleniumLibrary">
<arg>xpath=//button[normalize-space()='Login']</arg>
<doc>Click the element identified by ``locator``.</doc>
<msg timestamp="20230127 14:46:28.774" level="INFO">Clicking element 'xpath=//button[normalize-space()='Login']'.</msg>
<status status="PASS" starttime="20230127 14:46:28.774" endtime="20230127 14:46:28.836"/>
</kw>
<kw name="Element Should Contain" library="SeleniumLibrary">
<arg>xpath=//p[contains(@class,'oxd-alert')]</arg>
<arg>${expected_error}</arg>
<doc>Verifies that element ``locator`` contains text ``expected``.</doc>
<msg timestamp="20230127 14:46:29.972" level="INFO">Element 'xpath=//p[contains(@class,'oxd-alert')]' contains text 'Invalid credentials'.</msg>
<status status="PASS" starttime="20230127 14:46:28.836" endtime="20230127 14:46:29.972"/>
</kw>
<status status="PASS" starttime="20230127 14:46:28.142" endtime="20230127 14:46:29.972"/>
</kw>
<kw name="Close Browser" library="SeleniumLibrary" type="TEARDOWN">
<doc>Closes the current browser.</doc>
<status status="PASS" starttime="20230127 14:46:29.973" endtime="20230127 14:46:32.089"/>
</kw>
<status status="PASS" starttime="20230127 14:46:15.311" endtime="20230127 14:46:32.090"/>
</test>
<test id="s1-s1-t2" name="Invalid Login Test" line="15">
<kw name="Launch Browser And Navigate To Url" library="common_functionalities" type="SETUP">
<kw name="Open Browser" library="SeleniumLibrary">
<arg>browser=${BROWSER_NAME}</arg>
<doc>Opens a new browser instance to the optional ``url``.</doc>
<msg timestamp="20230127 14:46:32.098" level="INFO">Opening browser 'chrome' to base url 'None'.</msg>
<status status="PASS" starttime="20230127 14:46:32.098" endtime="20230127 14:46:33.428"/>
</kw>
<kw name="Maximize Browser Window" library="SeleniumLibrary">
<doc>Maximizes current browser window.</doc>
<status status="PASS" starttime="20230127 14:46:33.428" endtime="20230127 14:46:33.567"/>
</kw>
<kw name="Set Selenium Implicit Wait" library="SeleniumLibrary">
<arg>20s</arg>
<doc>Sets the implicit wait value used by Selenium.</doc>
<status status="PASS" starttime="20230127 14:46:33.567" endtime="20230127 14:46:33.567"/>
</kw>
<kw name="Go To" library="SeleniumLibrary">
<arg>url=${URL}</arg>
<doc>Navigates the current browser window to the provided ``url``.</doc>
<msg timestamp="20230127 14:46:33.567" level="INFO">Opening url 'https://opensource-demo.orangehrmlive.com/'</msg>
<status status="PASS" starttime="20230127 14:46:33.567" endtime="20230127 14:46:37.500"/>
</kw>
<status status="PASS" starttime="20230127 14:46:32.097" endtime="20230127 14:46:37.500"/>
</kw>
<kw name="Invalid Login Template">
<arg>saul</arg>
<arg>saul123</arg>
<arg>Invalid credentials</arg>
<kw name="Input Text" library="SeleniumLibrary">
<arg>name=username</arg>
<arg>${username}</arg>
<doc>Types the given ``text`` into the text field identified by ``locator``.</doc>
<msg timestamp="20230127 14:46:37.504" level="INFO">Typing text 'saul' into text field 'name=username'.</msg>
<status status="PASS" starttime="20230127 14:46:37.502" endtime="20230127 14:46:38.062"/>
</kw>
<kw name="Input Password" library="SeleniumLibrary">
<arg>name=password</arg>
<arg>${password}</arg>
<doc>Types the given password into the text field identified by ``locator``.</doc>
<msg timestamp="20230127 14:46:38.063" level="INFO">Typing password into text field 'name=password'.</msg>
<msg timestamp="20230127 14:46:38.099" level="INFO">Temporally setting log level to: NONE</msg>
<msg timestamp="20230127 14:46:38.161" level="INFO">Log level changed from NONE to INFO.</msg>
<status status="PASS" starttime="20230127 14:46:38.062" endtime="20230127 14:46:38.161"/>
</kw>
<kw name="Click Element" library="SeleniumLibrary">
<arg>xpath=//button[normalize-space()='Login']</arg>
<doc>Click the element identified by ``locator``.</doc>
<msg timestamp="20230127 14:46:38.161" level="INFO">Clicking element 'xpath=//button[normalize-space()='Login']'.</msg>
<status status="PASS" starttime="20230127 14:46:38.161" endtime="20230127 14:46:39.160"/>
</kw>
<kw name="Element Should Contain" library="SeleniumLibrary">
<arg>xpath=//p[contains(@class,'oxd-alert')]</arg>
<arg>${expected_error}</arg>
<doc>Verifies that element ``locator`` contains text ``expected``.</doc>
<msg timestamp="20230127 14:46:39.544" level="INFO">Element 'xpath=//p[contains(@class,'oxd-alert')]' contains text 'Invalid credentials'.</msg>
<status status="PASS" starttime="20230127 14:46:39.160" endtime="20230127 14:46:39.544"/>
</kw>
<status status="PASS" starttime="20230127 14:46:37.501" endtime="20230127 14:46:39.544"/>
</kw>
<kw name="Close Browser" library="SeleniumLibrary" type="TEARDOWN">
<doc>Closes the current browser.</doc>
<status status="PASS" starttime="20230127 14:46:39.545" endtime="20230127 14:46:41.708"/>
</kw>
<status status="PASS" starttime="20230127 14:46:32.094" endtime="20230127 14:46:41.710"/>
</test>
<doc>This file contains test cases related to invalid login</doc>
<status status="PASS" starttime="20230127 14:46:12.626" endtime="20230127 14:46:41.714"/>
</suite>
<suite id="s1-s2" name="Valid Login Test" source="C:\Mine\Company\LT7\orange_automation\1__login_suite\02__valid_login_test.robot">
<test id="s1-s2-t1" name="Valid Login Test1" line="12">
<kw name="Launch Browser And Navigate To Url" library="common_functionalities" type="SETUP">
<kw name="Open Browser" library="SeleniumLibrary">
<arg>browser=${BROWSER_NAME}</arg>
<doc>Opens a new browser instance to the optional ``url``.</doc>
<msg timestamp="20230127 14:46:41.749" level="INFO">Opening browser 'chrome' to base url 'None'.</msg>
<status status="PASS" starttime="20230127 14:46:41.749" endtime="20230127 14:46:43.124"/>
</kw>
<kw name="Maximize Browser Window" library="SeleniumLibrary">
<doc>Maximizes current browser window.</doc>
<status status="PASS" starttime="20230127 14:46:43.124" endtime="20230127 14:46:43.246"/>
</kw>
<kw name="Set Selenium Implicit Wait" library="SeleniumLibrary">
<arg>20s</arg>
<doc>Sets the implicit wait value used by Selenium.</doc>
<status status="PASS" starttime="20230127 14:46:43.246" endtime="20230127 14:46:43.250"/>
</kw>
<kw name="Go To" library="SeleniumLibrary">
<arg>url=${URL}</arg>
<doc>Navigates the current browser window to the provided ``url``.</doc>
<msg timestamp="20230127 14:46:43.251" level="INFO">Opening url 'https://opensource-demo.orangehrmlive.com/'</msg>
<status status="PASS" starttime="20230127 14:46:43.250" endtime="20230127 14:46:47.283"/>
</kw>
<status status="PASS" starttime="20230127 14:46:41.749" endtime="20230127 14:46:47.284"/>
</kw>
<kw name="Valid Login Template">
<arg>Admin</arg>
<arg>admin123</arg>
<arg>Dashboard</arg>
<kw name="Input Text" library="SeleniumLibrary">
<arg>name=username</arg>
<arg>${username}</arg>
<doc>Types the given ``text`` into the text field identified by ``locator``.</doc>
<msg timestamp="20230127 14:46:47.287" level="INFO">Typing text 'Admin' into text field 'name=username'.</msg>
<status status="PASS" starttime="20230127 14:46:47.286" endtime="20230127 14:46:47.812"/>
</kw>
<kw name="Input Password" library="SeleniumLibrary">
<arg>name=password</arg>
<arg>${password}</arg>
<doc>Types the given password into the text field identified by ``locator``.</doc>
<msg timestamp="20230127 14:46:47.812" level="INFO">Typing password into text field 'name=password'.</msg>
<msg timestamp="20230127 14:46:47.865" level="INFO">Temporally setting log level to: NONE</msg>
<msg timestamp="20230127 14:46:47.913" level="INFO">Log level changed from NONE to INFO.</msg>
<status status="PASS" starttime="20230127 14:46:47.812" endtime="20230127 14:46:47.913"/>
</kw>
<kw name="Click Element" library="SeleniumLibrary">
<arg>xpath=//button[normalize-space()='Login']</arg>
<doc>Click the element identified by ``locator``.</doc>
<msg timestamp="20230127 14:46:47.913" level="INFO">Clicking element 'xpath=//button[normalize-space()='Login']'.</msg>
<status status="PASS" starttime="20230127 14:46:47.913" endtime="20230127 14:46:47.976"/>
</kw>
<kw name="Element Text Should Be" library="SeleniumLibrary">
<arg>xpath=//h6[contains(normalize-space(),'Dash')]</arg>
<arg>${expected_header}</arg>
<doc>Verifies that element ``locator`` contains exact the text ``expected``.</doc>
<msg timestamp="20230127 14:46:47.978" level="INFO">Verifying element 'xpath=//h6[contains(normalize-space(),'Dash')]' contains exact text 'Dashboard'.</msg>
<status status="PASS" starttime="20230127 14:46:47.976" endtime="20230127 14:46:49.770"/>
</kw>
<status status="PASS" starttime="20230127 14:46:47.286" endtime="20230127 14:46:49.770"/>
</kw>
<kw name="Close Browser" library="SeleniumLibrary" type="TEARDOWN">
<doc>Closes the current browser.</doc>
<status status="PASS" starttime="20230127 14:46:49.771" endtime="20230127 14:46:51.899"/>
</kw>
<status status="PASS" starttime="20230127 14:46:41.734" endtime="20230127 14:46:51.899"/>
</test>
<doc>This file contains test cases related to valid login</doc>
<status status="PASS" starttime="20230127 14:46:41.719" endtime="20230127 14:46:51.899"/>
</suite>
<suite id="s1-s3" name="Add Employee Test" source="C:\Mine\Company\LT7\orange_automation\2__employee_suite\01__add_employee_test.robot">
<test id="s1-s3-t1" name="Add Valid Employee Test_${test_name}" line="16">
<kw name="Launch Browser And Navigate To Url" library="common_functionalities" type="SETUP">
<kw name="Open Browser" library="SeleniumLibrary">
<arg>browser=${BROWSER_NAME}</arg>
<doc>Opens a new browser instance to the optional ``url``.</doc>
<msg timestamp="20230127 14:46:51.961" level="INFO">Opening browser 'chrome' to base url 'None'.</msg>
<msg timestamp="20230127 14:46:56.756" level="INFO">Cannot capture screenshot because no browser is open.</msg>
<status status="FAIL" starttime="20230127 14:46:51.961" endtime="20230127 14:46:56.757"/>
</kw>
<kw name="Maximize Browser Window" library="SeleniumLibrary">
<doc>Maximizes current browser window.</doc>
<status status="NOT RUN" starttime="20230127 14:46:56.757" endtime="20230127 14:46:56.757"/>
</kw>
<kw name="Set Selenium Implicit Wait" library="SeleniumLibrary">
<arg>20s</arg>
<doc>Sets the implicit wait value used by Selenium.</doc>
<status status="NOT RUN" starttime="20230127 14:46:56.757" endtime="20230127 14:46:56.757"/>
</kw>
<kw name="Go To" library="SeleniumLibrary">
<arg>url=${URL}</arg>
<doc>Navigates the current browser window to the provided ``url``.</doc>
<status status="NOT RUN" starttime="20230127 14:46:56.757" endtime="20230127 14:46:56.757"/>
</kw>
<status status="FAIL" starttime="20230127 14:46:51.961" endtime="20230127 14:46:56.757"/>
</kw>
<kw name="Close Browser" library="SeleniumLibrary" type="TEARDOWN">
<doc>Closes the current browser.</doc>
<status status="PASS" starttime="20230127 14:46:56.758" endtime="20230127 14:46:56.758"/>
</kw>
<status status="FAIL" starttime="20230127 14:46:51.945" endtime="20230127 14:46:56.759">Setup failed:
Execution terminated by signal</status>
</test>
<test id="s1-s3-t2" name="Add Valid Employee Test_${test_name}" line="16">
<tag>robot:exit</tag>
<status status="FAIL" starttime="20230127 14:46:56.763" endtime="20230127 14:46:56.764">Test execution stopped due to a fatal error.</status>
</test>
<doc>This file contains test cases for add valid employee
records</doc>
<status status="FAIL" starttime="20230127 14:46:51.899" endtime="20230127 14:46:56.767"/>
</suite>
<errors>
<msg timestamp="20230127 14:46:32.093" level="WARN">Multiple tests with name 'Invalid Login Test' executed in suite 'Invalid Login Test &amp; Valid Login Test &amp; Add Employee Test.Invalid Login Test'.</msg>
<msg timestamp="20230127 14:46:56.761" level="WARN">Multiple tests with name 'Add Valid Employee Test_${test_name}' executed in suite 'Invalid Login Test &amp; Valid Login Test &amp; Add Employee Test.Add Employee Test'.</msg>
<msg timestamp="20230127 14:46:56.779" level="ERROR">Execution stopped by user.</msg>
</errors>
</robot>
